c:\users\chris\source\repos\maydayjs\mayday\x64\debug\vc141.pdb
c:\users\chris\source\repos\maydayjs\mayday\x64\debug\vc141.idb
c:\users\chris\source\repos\maydayjs\mayday\x64\debug\wmkeys.obj
c:\users\chris\source\repos\maydayjs\mayday\x64\debug\main.obj
c:\users\chris\source\repos\maydayjs\mayday\x64\debug\cstring.obj
c:\users\chris\source\repos\maydayjs\mayday\x64\debug\maydayjs.obj
c:\users\chris\source\repos\maydayjs\x64\debug\mayday.pdb
c:\users\chris\source\repos\maydayjs\mayday\x64\debug\mayday.tlog\cl.command.1.tlog
c:\users\chris\source\repos\maydayjs\mayday\x64\debug\mayday.tlog\cl.read.1.tlog
c:\users\chris\source\repos\maydayjs\mayday\x64\debug\mayday.tlog\cl.write.1.tlog
c:\users\chris\source\repos\maydayjs\mayday\x64\debug\mayday.tlog\link-cvtres.read.1.tlog
c:\users\chris\source\repos\maydayjs\mayday\x64\debug\mayday.tlog\link-cvtres.write.1.tlog
c:\users\chris\source\repos\maydayjs\mayday\x64\debug\mayday.tlog\link-rc.read.1.tlog
c:\users\chris\source\repos\maydayjs\mayday\x64\debug\mayday.tlog\link-rc.write.1.tlog
c:\users\chris\source\repos\maydayjs\mayday\x64\debug\mayday.tlog\link.7864-cvtres.read.1.tlog
c:\users\chris\source\repos\maydayjs\mayday\x64\debug\mayday.tlog\link.7864-cvtres.write.1.tlog
c:\users\chris\source\repos\maydayjs\mayday\x64\debug\mayday.tlog\link.7864-rc.read.1.tlog
c:\users\chris\source\repos\maydayjs\mayday\x64\debug\mayday.tlog\link.7864-rc.write.1.tlog
c:\users\chris\source\repos\maydayjs\mayday\x64\debug\mayday.tlog\link.7864.read.1.tlog
c:\users\chris\source\repos\maydayjs\mayday\x64\debug\mayday.tlog\link.7864.write.1.tlog
c:\users\chris\source\repos\maydayjs\mayday\x64\debug\mayday.tlog\link.command.1.tlog
c:\users\chris\source\repos\maydayjs\mayday\x64\debug\mayday.tlog\link.read.1.tlog
c:\users\chris\source\repos\maydayjs\mayday\x64\debug\mayday.tlog\link.write.1.tlog
